Build started 22/01/2015 18:56:25.
     1>Project "E:\Ben\Documents\Visual Studio 2013\Projects\2D-Physics-Demo\PhysStuff\PhysStuff.vcxproj" on node 2 (Build target(s)).
     1>ClCompile:
         E:\Program Files (x86)\Microsoft Visual Studio 12.0\VC\bin\CL.exe /c /I"E:\Ben\Documents\Visual Studio 2013\Projects\2D-Physics-Demo\PhysStuff\\" /IHAPI /ZI /nologo /W3 /WX- /Od /Oy- /D WIN32 /D _DEBUG /D _WINDOWS /D _MBCS /Gm /EHsc /RTC1 /MTd /GS /fp:precise /Zc:wchar_t /Zc:forScope /Fo"Debug\\" /Fd"Debug\vc120.pdb" /Gd /TP /analyze- /errorReport:prompt MyScene.cpp
         MyScene.cpp
     1>e:\ben\documents\visual studio 2013\projects\2d-physics-demo\physstuff\physics\rectcollider.h(11): warning C4244: 'initializing' : conversion from 'int' to 'float', possible loss of data
     1>e:\ben\documents\visual studio 2013\projects\2d-physics-demo\physstuff\input.h(37): warning C4244: 'argument' : conversion from 'int' to 'float', possible loss of data
     1>e:\ben\documents\visual studio 2013\projects\2d-physics-demo\physstuff\input.h(38): warning C4244: 'argument' : conversion from 'int' to 'float', possible loss of data
     1>e:\ben\documents\visual studio 2013\projects\2d-physics-demo\physstuff\myscene.cpp(11): warning C4244: 'argument' : conversion from 'float' to 'int', possible loss of data
     1>e:\ben\documents\visual studio 2013\projects\2d-physics-demo\physstuff\myscene.cpp(51): warning C4018: '<' : signed/unsigned mismatch
     1>e:\ben\documents\visual studio 2013\projects\2d-physics-demo\physstuff\myscene.cpp(111): warning C4018: '<' : signed/unsigned mismatch
     1>e:\ben\documents\visual studio 2013\projects\2d-physics-demo\physstuff\myscene.cpp(153): warning C4244: 'argument' : conversion from 'const float' to 'int', possible loss of data
     1>e:\ben\documents\visual studio 2013\projects\2d-physics-demo\physstuff\myscene.cpp(158): warning C4018: '<' : signed/unsigned mismatch
     1>e:\ben\documents\visual studio 2013\projects\2d-physics-demo\physstuff\myscene.cpp(165): warning C4018: '<' : signed/unsigned mismatch
     1>e:\ben\documents\visual studio 2013\projects\2d-physics-demo\physstuff\myscene.cpp(267): warning C4018: '<' : signed/unsigned mismatch
     1>e:\ben\documents\visual studio 2013\projects\2d-physics-demo\physstuff\myscene.cpp(286): warning C4018: '<' : signed/unsigned mismatch
       Link:
         E:\Program Files (x86)\Microsoft Visual Studio 12.0\VC\bin\link.exe /ERRORREPORT:PROMPT /OUT:"E:\Ben\Documents\Visual Studio 2013\Projects\2D-Physics-Demo\Debug\PhysStuff.exe" /INCREMENTAL /NOLOGO /LIBPATH:HAPI /LIBPATH:DirectX/X86 HAPI_debug.lib kernel32.lib user32.lib gdi32.lib winspool.lib comdlg32.lib advapi32.lib shell32.lib ole32.lib oleaut32.lib uuid.lib odbc32.lib odbccp32.lib kernel32.lib user32.lib gdi32.lib winspool.lib comdlg32.lib advapi32.lib shell32.lib ole32.lib oleaut32.lib uuid.lib odbc32.lib odbccp32.lib /MANIFEST /MANIFESTUAC:"level='asInvoker' uiAccess='false'" /manifest:embed /DEBUG /PDB:"E:\Ben\Documents\Visual Studio 2013\Projects\2D-Physics-Demo\Debug\PhysStuff.pdb" /SUBSYSTEM:WINDOWS /TLBID:1 /DYNAMICBASE /NXCOMPAT /IMPLIB:"E:\Ben\Documents\Visual Studio 2013\Projects\2D-Physics-Demo\Debug\PhysStuff.lib" /MACHINE:X86 Debug\Animation.obj
         Debug\Graphics.obj
         Debug\Texture.obj
         Debug\Input.obj
         Debug\main.obj
         Debug\Math.obj
         Debug\Rect.obj
         Debug\Vec2.obj
         Debug\MyScene.obj
         Debug\CircleCollider.obj
         Debug\RectCollider.obj
         Debug\Spring.obj
         Debug\Button.obj
         Debug\UI.obj
         Debug\UIEntity.obj
         Debug\Entity.obj
         Debug\PhysEntity.obj
         Debug\Scene.obj
         Debug\World.obj
         PhysStuff.vcxproj -> E:\Ben\Documents\Visual Studio 2013\Projects\2D-Physics-Demo\Debug\PhysStuff.exe
     1>Done Building Project "E:\Ben\Documents\Visual Studio 2013\Projects\2D-Physics-Demo\PhysStuff\PhysStuff.vcxproj" (Build target(s)).

Build succeeded.

Time Elapsed 00:00:01.86
