e:\ben\documents\visual studio 2013\projects\physstuff\physstuff\debug\vc120.pdb
e:\ben\documents\visual studio 2013\projects\physstuff\physstuff\debug\vc120.idb
e:\ben\documents\visual studio 2013\projects\physstuff\physstuff\debug\animation.obj
e:\ben\documents\visual studio 2013\projects\physstuff\physstuff\debug\graphics.obj
e:\ben\documents\visual studio 2013\projects\physstuff\physstuff\debug\texture.obj
e:\ben\documents\visual studio 2013\projects\physstuff\physstuff\debug\input.obj
e:\ben\documents\visual studio 2013\projects\physstuff\physstuff\debug\main.obj
e:\ben\documents\visual studio 2013\projects\physstuff\physstuff\debug\math.obj
e:\ben\documents\visual studio 2013\projects\physstuff\physstuff\debug\rect.obj
e:\ben\documents\visual studio 2013\projects\physstuff\physstuff\debug\vec2.obj
e:\ben\documents\visual studio 2013\projects\physstuff\physstuff\debug\myscene.obj
e:\ben\documents\visual studio 2013\projects\physstuff\physstuff\debug\circlecollider.obj
e:\ben\documents\visual studio 2013\projects\physstuff\physstuff\debug\rectcollider.obj
e:\ben\documents\visual studio 2013\projects\physstuff\physstuff\debug\spring.obj
e:\ben\documents\visual studio 2013\projects\physstuff\physstuff\debug\entity.obj
e:\ben\documents\visual studio 2013\projects\physstuff\physstuff\debug\physentity.obj
e:\ben\documents\visual studio 2013\projects\physstuff\physstuff\debug\scene.obj
e:\ben\documents\visual studio 2013\projects\physstuff\physstuff\debug\world.obj
e:\ben\documents\visual studio 2013\projects\physstuff\debug\physstuff.ilk
e:\ben\documents\visual studio 2013\projects\physstuff\debug\physstuff.exe
e:\ben\documents\visual studio 2013\projects\physstuff\debug\physstuff.pdb
e:\ben\documents\visual studio 2013\projects\physstuff\physstuff\debug\physstuff.tlog\cl.command.1.tlog
e:\ben\documents\visual studio 2013\projects\physstuff\physstuff\debug\physstuff.tlog\cl.read.1.tlog
e:\ben\documents\visual studio 2013\projects\physstuff\physstuff\debug\physstuff.tlog\cl.write.1.tlog
e:\ben\documents\visual studio 2013\projects\physstuff\physstuff\debug\physstuff.tlog\link.command.1.tlog
e:\ben\documents\visual studio 2013\projects\physstuff\physstuff\debug\physstuff.tlog\link.read.1.tlog
e:\ben\documents\visual studio 2013\projects\physstuff\physstuff\debug\physstuff.tlog\link.write.1.tlog
