Build started 14/01/2015 14:08:36.
     1>Project "U:\Year 2\GEC\PhysStuff\PhysStuff\PhysStuff.vcxproj" on node 2 (Build target(s)).
     1>ClCompile:
         C:\Program Files (x86)\Microsoft Visual Studio 12.0\VC\bin\CL.exe /c /IHAPI /Zi /nologo /W3 /WX- /O2 /Oi /Oy- /GL /D WIN32 /D NDEBUG /D _WINDOWS /D _MBCS /Gm- /EHsc /MT /GS /Gy /fp:precise /Zc:wchar_t /Zc:forScope /Fo"Release\\" /Fd"Release\vc120.pdb" /Gd /TP /analyze- /errorReport:prompt Graphics\Animation.cpp Graphics\Graphics.cpp Graphics\Texture.cpp Input.cpp main.cpp Math\Math.cpp Math\Rect.cpp Math\Vec2.cpp MyScene.cpp Physics\CircleCollider.cpp Physics\RectCollider.cpp Physics\Spring.cpp World\Entity.cpp World\PhysEntity.cpp World\Scene.cpp World\World.cpp
         Animation.cpp
     1>u:\year 2\gec\physstuff\physstuff\graphics\Animation.h(3): fatal error C1083: Cannot open include file: 'Math/Rect.h': No such file or directory
         Graphics.cpp
     1>Graphics\Graphics.cpp(1): fatal error C1083: Cannot open include file: 'Graphics/Graphics.h': No such file or directory
         Texture.cpp
     1>u:\year 2\gec\physstuff\physstuff\graphics\Texture.h(5): fatal error C1083: Cannot open include file: 'Graphics/Animation.h': No such file or directory
         Input.cpp
     1>u:\year 2\gec\physstuff\physstuff\Input.h(4): fatal error C1083: Cannot open include file: 'Math/Vec2.h': No such file or directory
         main.cpp
     1>main.cpp(2): fatal error C1083: Cannot open include file: 'Graphics/Graphics.h': No such file or directory
         Math.cpp
     1>u:\year 2\gec\physstuff\physstuff\math\Math.h(3): fatal error C1083: Cannot open include file: 'Math/Vec2.h': No such file or directory
         Rect.cpp
         Vec2.cpp
         MyScene.cpp
     1>u:\year 2\gec\physstuff\physstuff\MyScene.h(4): fatal error C1083: Cannot open include file: 'World/Scene.h': No such file or directory
         CircleCollider.cpp
     1>u:\year 2\gec\physstuff\physstuff\physics\CircleCollider.h(3): fatal error C1083: Cannot open include file: 'Physics/Collider.h': No such file or directory
         RectCollider.cpp
     1>u:\year 2\gec\physstuff\physstuff\physics\RectCollider.h(4): fatal error C1083: Cannot open include file: 'Physics/Collider.h': No such file or directory
         Spring.cpp
     1>u:\year 2\gec\physstuff\physstuff\physics\Spring.h(3): fatal error C1083: Cannot open include file: 'World/PhysEntity.h': No such file or directory
         Entity.cpp
     1>u:\year 2\gec\physstuff\physstuff\world\Entity.h(5): fatal error C1083: Cannot open include file: 'World/World.h': No such file or directory
         PhysEntity.cpp
     1>u:\year 2\gec\physstuff\physstuff\world\PhysEntity.h(3): fatal error C1083: Cannot open include file: 'World/Entity.h': No such file or directory
         Scene.cpp
     1>u:\year 2\gec\physstuff\physstuff\world\Scene.h(4): fatal error C1083: Cannot open include file: 'World/Entity.h': No such file or directory
         World.cpp
     1>World\World.cpp(1): fatal error C1083: Cannot open include file: 'World/World.h': No such file or directory
     1>Done Building Project "U:\Year 2\GEC\PhysStuff\PhysStuff\PhysStuff.vcxproj" (Build target(s)) -- FAILED.

Build FAILED.

Time Elapsed 00:00:02.63
